2023-08-01 15:04:33,522 - main_madame - [MADAME INITIALIZED]
2023-08-01 15:04:33,523 - main_madame - [USER-SESSION-CREATED]: MADAME/Downloads/1
2023-08-01 15:04:35,473 - metadata_retrievement_module - [INITIALIZED]
2023-08-01 15:04:36,651 - metadata_retrievement_module - [OPTION-1]: Doing a query on ENA
2023-08-01 15:04:40,914 - metadata_retrievement_module - [OPTION-1] - USER QUERY ON ENA
2023-08-01 15:04:41,655 - IDlist - [QUERY-ON-ENA]: "csd" - runs
2023-08-01 15:04:41,656 - IDlist - [ACCESSION-IDS-FOUND]: ['SRR1573030', 'SRR1573031', 'SRR1573032', 'SRR1573029', 'SRR17005743', 'SRR17005744', 'SRR17005745', 'SRR13517241', 'SRR13517273', 'SRR13517275', 'SRR7263705', 'SRR7263706', 'SRR9452299', 'SRR6157730', 'SRR9186162', 'SRR9186163', 'SRR9186166', 'SRR9186176', 'SRR9186177', 'SRR9186178', 'SRR14608171', 'SRR14608173', 'SRR14608180', 'SRR14608181']
2023-08-01 15:04:41,660 - IDlist - [QUERY-DETAILS]: found 24 runs:
2023-08-01 15:04:41,661 - IDlist - [QUERY-DETAILS]: accession	description
2023-08-01 15:04:41,661 - IDlist - [QUERY-DETAILS]: "SRR1573030"	"Illumina HiSeq 2000 sequencing: Transcriptomic comparisons of five Vitis vinifera cultivars under water deficit conditions during the later stages of berry maturity-CSD.22"
2023-08-01 15:04:41,661 - IDlist - [QUERY-DETAILS]: "SRR1573031"	"Illumina HiSeq 2000 sequencing: Transcriptomic comparisons of five Vitis vinifera cultivars under water deficit conditions during the later stages of berry maturity-CSD.24"
2023-08-01 15:04:41,661 - IDlist - [QUERY-DETAILS]: "SRR1573032"	"Illumina HiSeq 2000 sequencing: Transcriptomic comparisons of five Vitis vinifera cultivars under water deficit conditions during the later stages of berry maturity-CSD.26"
2023-08-01 15:04:41,661 - IDlist - [QUERY-DETAILS]: "SRR1573029"	"Illumina HiSeq 2000 sequencing: Transcriptomic comparisons of five Vitis vinifera cultivars under water deficit conditions during the later stages of berry maturity-CSD.20"
2023-08-01 15:04:41,661 - IDlist - [QUERY-DETAILS]: "SRR17005743"	"Illumina NovaSeq 6000 sequencing: GSM5699427: CSD 3 Rattus norvegicus RNA-Seq"
2023-08-01 15:04:41,662 - IDlist - [QUERY-DETAILS]: "SRR17005744"	"Illumina NovaSeq 6000 sequencing: GSM5699426: CSD 2 Rattus norvegicus RNA-Seq"
2023-08-01 15:04:41,662 - IDlist - [QUERY-DETAILS]: "SRR17005745"	"Illumina NovaSeq 6000 sequencing: GSM5699425: CSD 1 Rattus norvegicus RNA-Seq"
2023-08-01 15:04:41,662 - IDlist - [QUERY-DETAILS]: "SRR13517241"	"Illumina MiSeq sequencing: 16S rRNA Gene Amplicon Sequencing of Soil:CSD"
2023-08-01 15:04:41,663 - IDlist - [QUERY-DETAILS]: "SRR13517273"	"Illumina MiSeq sequencing: 16S rRNA Gene Amplicon Sequencing of Soil:CSD"
2023-08-01 15:04:41,663 - IDlist - [QUERY-DETAILS]: "SRR13517275"	"Illumina MiSeq sequencing: 16S rRNA Gene Amplicon Sequencing of Soil:CSD"
2023-08-01 15:04:41,663 - IDlist - [QUERY-DETAILS]: "SRR7263705"	"Illumina MiSeq sequencing: LIN28 CSD RNA Bind and Seq after 1st round of selection"
2023-08-01 15:04:41,663 - IDlist - [QUERY-DETAILS]: "SRR7263706"	"Illumina MiSeq sequencing: LIN28 CSD RNA Bind and Seq after 2nd round of selection"
2023-08-01 15:04:41,664 - IDlist - [QUERY-DETAILS]: "SRR9452299"	"AB 310 Genetic Analyzer sequencing: Trace experiment for center NISC, GENOMIC, species PAPIO CYNOCEPHALUS CSD"
2023-08-01 15:04:41,664 - IDlist - [QUERY-DETAILS]: "SRR6157730"	"Illumina HiSeq 2500 sequencing: Byrd_CSD-2-14_PstI"
2023-08-01 15:04:41,664 - IDlist - [QUERY-DETAILS]: "SRR9186162"	"Illumina MiSeq sequencing: MiSeq_microbial_comm_Olot_stream"
2023-08-01 15:04:41,664 - IDlist - [QUERY-DETAILS]: "SRR9186163"	"Illumina MiSeq sequencing: MiSeq_microbial_comm_Olot_stream"
2023-08-01 15:04:41,664 - IDlist - [QUERY-DETAILS]: "SRR9186166"	"Illumina MiSeq sequencing: MiSeq_microbial_comm_Olot_stream"
2023-08-01 15:04:41,665 - IDlist - [QUERY-DETAILS]: "SRR9186176"	"Illumina MiSeq sequencing: MiSeq_microbial_comm_Olot_stream"
2023-08-01 15:04:41,665 - IDlist - [QUERY-DETAILS]: "SRR9186177"	"Illumina MiSeq sequencing: MiSeq_microbial_comm_Olot_stream"
2023-08-01 15:04:41,665 - IDlist - [QUERY-DETAILS]: "SRR9186178"	"Illumina MiSeq sequencing: MiSeq_microbial_comm_Olot_stream"
2023-08-01 15:04:41,665 - IDlist - [QUERY-DETAILS]: "SRR14608171"	"Illumina MiSeq sequencing: Small RNA content of human endothelial-like and fibroblast cells and their EVs, under normoxia and hypoxia"
2023-08-01 15:04:41,665 - IDlist - [QUERY-DETAILS]: "SRR14608173"	"Illumina MiSeq sequencing: Small RNA content of human endothelial-like and fibroblast cells and their EVs, under normoxia and hypoxia"
2023-08-01 15:04:41,666 - IDlist - [QUERY-DETAILS]: "SRR14608180"	"Illumina MiSeq sequencing: Small RNA content of human endothelial-like and fibroblast cells and their EVs, under normoxia and hypoxia"
2023-08-01 15:04:41,666 - IDlist - [QUERY-DETAILS]: "SRR14608181"	"Illumina MiSeq sequencing: Small RNA content of human endothelial-like and fibroblast cells and their EVs, under normoxia and hypoxia"
2023-08-01 15:04:41,666 - IDlist - [QUERY-DETAILS]: 
2023-08-01 15:04:47,228 - functions-module - 1_listOfAccessionIDs.tsv created
2023-08-01 15:04:53,255 - metadata_retrievement_module - [INITIALIZED]
2023-08-01 15:04:58,985 - metadata_retrievement_module - [OPTION-2] - USER IDs SUBMISSION
2023-08-01 15:04:59,913 - IDlist - [USER-SUBMITTED-IDs]: runs[], samples[], studies[], projects[]
2023-08-01 15:04:59,914 - IDlist - [ACCESSION-IDS-FOUND]: []
2023-08-01 15:05:05,820 - metadata_retrievement_module - [OPTION-2] - USER IDs SUBMISSION
2023-08-01 15:05:05,820 - IDlist - [USER-SUBMITTED-IDs]: runs[], samples[], studies[], projects[PRJNA689547]
2023-08-01 15:05:05,821 - IDlist - [ACCESSION-IDS-FOUND]: ['PRJNA689547']
2023-08-01 15:05:06,893 - functions-module - 1_listOfAccessionIDs.tsv created
2023-08-01 15:05:11,455 - metadata_retrievement_module - [INITIALIZED]
2023-08-01 15:05:13,979 - metadata_retrievement_module - [INITIALIZED]
2023-08-01 15:05:32,284 - metadata_retrievement_module - [INITIALIZED]
2023-08-01 15:05:38,445 - metadata_retrievement_module - [OPTION-2] - USER IDs SUBMISSION
2023-08-01 15:05:38,445 - IDlist - [USER-SUBMITTED-IDs]: runs[], samples[], studies[], projects[PRJNA689547]
2023-08-01 15:05:38,445 - IDlist - [ACCESSION-IDS-FOUND]: ['PRJNA689547']
2023-08-01 15:05:38,977 - functions-module - 1_listOfAccessionIDs.tsv created
2023-08-01 15:05:43,283 - ExperimentMetadataDownload - 1_merged_experiments-metadata.tsv successfully created
2023-08-01 15:07:51,966 - main_madame - [MADAME INITIALIZED]
2023-08-01 15:07:51,967 - main_madame - [PRE-EXISTING-USER-SESSION-CHOSEN]: MADAME/Downloads/1
2023-08-01 15:07:53,947 - metadata_retrievement_module - [INITIALIZED]
2023-08-01 15:07:59,208 - metadata_retrievement_module - [OPTION-2] - USER IDs SUBMISSION
2023-08-01 15:07:59,213 - IDlist - [USER-SUBMITTED-IDs]: runs[], samples[], studies[], projects[PRJNA689547]
2023-08-01 15:07:59,213 - IDlist - [ACCESSION-IDS-FOUND]: ['PRJNA689547']
2023-08-01 15:07:59,841 - functions-module - 1_listOfAccessionIDs.tsv created
2023-08-01 15:08:02,067 - ExperimentMetadataDownload - 1_merged_experiments-metadata.tsv successfully created
2023-08-01 15:10:12,510 - main_madame - [MADAME INITIALIZED]
2023-08-01 15:10:12,511 - main_madame - [PRE-EXISTING-USER-SESSION-CHOSEN]: MADAME/Downloads/1
2023-08-01 15:10:13,986 - metadata_retrievement_module - [INITIALIZED]
2023-08-01 15:10:19,124 - metadata_retrievement_module - [OPTION-2] - USER IDs SUBMISSION
2023-08-01 15:10:19,127 - IDlist - [USER-SUBMITTED-IDs]: runs[], samples[], studies[], projects[PRJNA689547]
2023-08-01 15:10:19,128 - IDlist - [ACCESSION-IDS-FOUND]: ['PRJNA689547']
2023-08-01 15:10:19,685 - functions-module - 1_listOfAccessionIDs.tsv created
2023-08-01 15:10:22,506 - ExperimentMetadataDownload - 1_merged_experiments-metadata.tsv successfully created
2023-08-01 15:11:01,280 - main_madame - [MADAME INITIALIZED]
2023-08-01 15:11:01,281 - main_madame - [PRE-EXISTING-USER-SESSION-CHOSEN]: MADAME/Downloads/1
2023-08-01 15:11:02,403 - metadata_retrievement_module - [INITIALIZED]
2023-08-01 15:11:10,674 - metadata_retrievement_module - [OPTION-2] - USER IDs SUBMISSION
2023-08-01 15:11:10,677 - IDlist - [USER-SUBMITTED-IDs]: runs[], samples[], studies[], projects[PRJNA689547]
2023-08-01 15:11:10,678 - IDlist - [ACCESSION-IDS-FOUND]: ['PRJNA689547']
2023-08-01 15:11:11,219 - functions-module - 1_listOfAccessionIDs.tsv created
2023-08-01 15:11:45,738 - ExperimentMetadataDownload - 1_merged_experiments-metadata.tsv successfully created
