2023-10-02 18:54:27,732 - Downloads/prova_down - [MADAME INITIALIZED]
2023-10-02 18:54:27,733 - Downloads/prova_down - [USER-SESSION-CREATED]: MADAME/Downloads/prova_down
2023-10-02 18:54:31,235 - Downloads/prova_down - [METADATA MODULE - INITIALIZED]
2023-10-02 18:54:36,210 - Downloads/prova_down - [OPTION-1] - USER QUERY ON ENA
2023-10-02 18:54:36,506 - Downloads/prova_down - [QUERY-ON-ENA]: "nail microbiome" - projects
2023-10-02 18:54:36,506 - Downloads/prova_down - [ACCESSION-IDS-FOUND]: ['PRJNA780434', 'PRJEB37496']
2023-10-02 18:54:36,510 - Downloads/prova_down - [QUERY-DETAILS]: found 2 projects:
2023-10-02 18:54:36,510 - Downloads/prova_down - [QUERY-DETAILS]: accession	description
2023-10-02 18:54:36,510 - Downloads/prova_down - [QUERY-DETAILS]: "PRJNA780434"	"nail microbiome ITS and 16S"
2023-10-02 18:54:36,510 - Downloads/prova_down - [QUERY-DETAILS]: "PRJEB37496"	"Landscape of fungal diversity in healthy nails and onychomycosis"
2023-10-02 18:54:36,511 - Downloads/prova_down - [QUERY-DETAILS]: 
2023-10-02 18:54:36,995 - Downloads/prova_down - prova_down_listOfAccessionIDs.tsv created
2023-10-02 18:54:40,557 - Downloads/prova_down - prova_down_merged_experiments-metadata.tsv successfully created
2023-10-02 18:54:42,653 - Downloads/prova_down - [DATA MODULE - INITIALIZED]
2023-10-02 18:55:07,069 - Downloads/prova_down - [MADAME INITIALIZED]
2023-10-02 18:55:07,070 - Downloads/prova_down - [PRE-EXISTING-USER-SESSION-CHOSEN]: MADAME/Downloads/prova_down
2023-10-02 18:55:09,448 - Downloads/prova_down - [DATA MODULE - INITIALIZED]
2023-10-02 18:55:10,779 - Downloads/prova_down - [OPTION-1] - use 'merged_experiments-metadata.tsv' file present in the current session
2023-10-02 18:55:10,779 - Downloads/prova_down - Found prova_down_merged_experiments-metadata.tsv
2023-10-02 18:55:10,784 - Downloads/prova_down - Found enaDataGet
2023-10-02 18:55:14,552 - Downloads/prova_down - [DATA-TYPE-SELECTED]: fastq
2023-10-02 18:55:14,633 - Downloads/prova_down - Total file size = 4.37 GB. You are going to occupy 2% of free disk space
2023-10-02 18:55:14,638 - Downloads/prova_down - [WARNING]: you're gonna occupy 2 % of your free disk space
2023-10-02 18:55:17,018 - Downloads/prova_down - DOWNLOAD INITIALIZED
2023-10-02 18:55:30,198 - Downloads/prova_down - DOWNLOAD INITIALIZED
2023-10-02 18:59:18,099 - Downloads/prova_down - [MADAME INITIALIZED]
2023-10-02 18:59:18,099 - Downloads/prova_down - [PRE-EXISTING-USER-SESSION-CHOSEN]: MADAME/Downloads/prova_down
2023-10-02 18:59:19,349 - Downloads/prova_down - [DATA MODULE - INITIALIZED]
2023-10-02 18:59:20,256 - Downloads/prova_down - [OPTION-1] - use 'merged_experiments-metadata.tsv' file present in the current session
2023-10-02 18:59:20,256 - Downloads/prova_down - Found prova_down_merged_experiments-metadata.tsv
2023-10-02 18:59:20,257 - Downloads/prova_down - Found enaDataGet
2023-10-02 18:59:22,705 - Downloads/prova_down - [DATA-TYPE-SELECTED]: fastq
2023-10-02 18:59:22,781 - Downloads/prova_down - Total file size = 4.37 GB. You are going to occupy 2% of free disk space
2023-10-02 18:59:22,785 - Downloads/prova_down - [WARNING]: you're gonna occupy 2 % of your free disk space
2023-10-02 18:59:23,859 - Downloads/prova_down - DOWNLOAD INITIALIZED
2023-10-02 18:59:35,497 - Downloads/prova_down - DOWNLOAD INITIALIZED
2023-10-02 19:00:09,286 - Downloads/prova_down - [MADAME INITIALIZED]
2023-10-02 19:00:09,287 - Downloads/prova_down - [PRE-EXISTING-USER-SESSION-CHOSEN]: MADAME/Downloads/prova_down
2023-10-02 19:00:10,356 - Downloads/prova_down - [DATA MODULE - INITIALIZED]
2023-10-02 19:00:10,549 - Downloads/prova_down - [OPTION-1] - use 'merged_experiments-metadata.tsv' file present in the current session
2023-10-02 19:00:10,550 - Downloads/prova_down - Found prova_down_merged_experiments-metadata.tsv
2023-10-02 19:00:10,550 - Downloads/prova_down - Found enaDataGet
2023-10-02 19:00:13,219 - Downloads/prova_down - [DATA-TYPE-SELECTED]: fastq
2023-10-02 19:00:13,294 - Downloads/prova_down - Total file size = 4.37 GB. You are going to occupy 2% of free disk space
2023-10-02 19:00:13,297 - Downloads/prova_down - [WARNING]: you're gonna occupy 2 % of your free disk space
2023-10-02 19:00:16,320 - Downloads/prova_down - DOWNLOAD INITIALIZED
2023-10-02 19:01:12,488 - Downloads/prova_down - [MADAME INITIALIZED]
2023-10-02 19:01:12,489 - Downloads/prova_down - [PRE-EXISTING-USER-SESSION-CHOSEN]: MADAME/Downloads/prova_down
2023-10-02 19:01:13,523 - Downloads/prova_down - [DATA MODULE - INITIALIZED]
2023-10-02 19:01:13,752 - Downloads/prova_down - [OPTION-1] - use 'merged_experiments-metadata.tsv' file present in the current session
2023-10-02 19:01:13,752 - Downloads/prova_down - Found prova_down_merged_experiments-metadata.tsv
2023-10-02 19:01:13,753 - Downloads/prova_down - Found enaDataGet
2023-10-02 19:01:16,397 - Downloads/prova_down - [DATA-TYPE-SELECTED]: fastq
2023-10-02 19:01:16,472 - Downloads/prova_down - Total file size = 4.37 GB. You are going to occupy 2% of free disk space
2023-10-02 19:01:16,476 - Downloads/prova_down - [WARNING]: you're gonna occupy 2 % of your free disk space
2023-10-02 19:01:17,578 - Downloads/prova_down - DOWNLOAD INITIALIZED
2023-10-02 19:03:19,530 - Downloads/prova_down - [MADAME INITIALIZED]
2023-10-02 19:03:19,531 - Downloads/prova_down - [PRE-EXISTING-USER-SESSION-CHOSEN]: MADAME/Downloads/prova_down
2023-10-02 19:03:20,517 - Downloads/prova_down - [DATA MODULE - INITIALIZED]
2023-10-02 19:03:20,672 - Downloads/prova_down - [OPTION-1] - use 'merged_experiments-metadata.tsv' file present in the current session
2023-10-02 19:03:20,673 - Downloads/prova_down - Found prova_down_merged_experiments-metadata.tsv
2023-10-02 19:03:20,673 - Downloads/prova_down - Found enaDataGet
2023-10-02 19:03:22,685 - Downloads/prova_down - [DATA-TYPE-SELECTED]: fastq
2023-10-02 19:03:22,793 - Downloads/prova_down - Total file size = 4.37 GB. You are going to occupy 2% of free disk space
2023-10-02 19:03:22,798 - Downloads/prova_down - [WARNING]: you're gonna occupy 2 % of your free disk space
2023-10-02 19:03:23,506 - Downloads/prova_down - DOWNLOAD INITIALIZED
2023-10-03 11:43:43,074 - Downloads/prova_down - [MADAME INITIALIZED]
2023-10-03 11:43:43,075 - Downloads/prova_down - [PRE-EXISTING-USER-SESSION-CHOSEN]: MADAME/Downloads/prova_down
2023-10-03 11:43:44,376 - Downloads/prova_down - [DATA MODULE - INITIALIZED]
2023-10-03 11:43:44,661 - Downloads/prova_down - [OPTION-1] - use 'merged_experiments-metadata.tsv' file present in the current session
2023-10-03 11:43:44,661 - Downloads/prova_down - Found prova_down_merged_experiments-metadata.tsv
2023-10-03 11:43:44,662 - Downloads/prova_down - Found enaDataGet
2023-10-03 11:43:47,477 - Downloads/prova_down - [DATA-TYPE-SELECTED]: fastq
2023-10-03 11:43:47,589 - Downloads/prova_down - Total file size = 4.37 GB. You are going to occupy 2% of free disk space
2023-10-03 11:43:47,595 - Downloads/prova_down - [WARNING]: you're gonna occupy 2 % of your free disk space
2023-10-03 11:43:48,641 - Downloads/prova_down - DOWNLOAD INITIALIZED
2023-10-03 11:43:48,641 - Downloads/prova_down - /root/tools/enaBrowserTools-1.1.0/python3/enaDataGet -f fastq SRR16946900 -d Downloads/prova_down/PRJNA780434/PRJNA780434_fastq_files
2023-10-03 11:44:11,214 - Downloads/prova_down - /root/tools/enaBrowserTools-1.1.0/python3/enaDataGet -f fastq SRR16947000 -d Downloads/prova_down/PRJNA780434/PRJNA780434_fastq_files
2023-10-03 11:44:24,621 - Downloads/prova_down - /root/tools/enaBrowserTools-1.1.0/python3/enaDataGet -f fastq SRR16946901 -d Downloads/prova_down/PRJNA780434/PRJNA780434_fastq_files
2023-10-03 11:44:27,073 - Downloads/prova_down - /root/tools/enaBrowserTools-1.1.0/python3/enaDataGet -f fastq SRR16947001 -d Downloads/prova_down/PRJNA780434/PRJNA780434_fastq_files
2023-10-03 11:44:28,860 - Downloads/prova_down - /root/tools/enaBrowserTools-1.1.0/python3/enaDataGet -f fastq SRR16946902 -d Downloads/prova_down/PRJNA780434/PRJNA780434_fastq_files
2023-10-03 11:44:31,130 - Downloads/prova_down - /root/tools/enaBrowserTools-1.1.0/python3/enaDataGet -f fastq SRR16947002 -d Downloads/prova_down/PRJNA780434/PRJNA780434_fastq_files
2023-10-03 11:44:32,818 - Downloads/prova_down - /root/tools/enaBrowserTools-1.1.0/python3/enaDataGet -f fastq SRR16946903 -d Downloads/prova_down/PRJNA780434/PRJNA780434_fastq_files
2023-10-03 11:51:41,456 - Downloads/prova_down - [MADAME INITIALIZED]
2023-10-03 11:51:41,457 - Downloads/prova_down - [PRE-EXISTING-USER-SESSION-CHOSEN]: MADAME/Downloads/prova_down
2023-10-03 11:51:43,658 - Downloads/prova_down - [DATA MODULE - INITIALIZED]
2023-10-03 11:51:44,251 - Downloads/prova_down - [OPTION-1] - use 'merged_experiments-metadata.tsv' file present in the current session
2023-10-03 11:51:44,251 - Downloads/prova_down - Found prova_down_merged_experiments-metadata.tsv
2023-10-03 11:51:44,252 - Downloads/prova_down - Found enaDataGet
2023-10-03 11:51:47,488 - Downloads/prova_down - [DATA-TYPE-SELECTED]: fastq
2023-10-03 11:51:47,569 - Downloads/prova_down - Total file size = 4.37 GB. You are going to occupy 2% of free disk space
2023-10-03 11:51:47,573 - Downloads/prova_down - [WARNING]: you're gonna occupy 2 % of your free disk space
2023-10-03 11:51:48,943 - Downloads/prova_down - DOWNLOAD INITIALIZED
2023-10-03 12:14:46,584 - Downloads/prova_down - [MADAME INITIALIZED]
2023-10-03 12:14:46,585 - Downloads/prova_down - [PRE-EXISTING-USER-SESSION-CHOSEN]: MADAME/Downloads/prova_down
2023-10-03 12:14:49,578 - Downloads/prova_down - [DATA MODULE - INITIALIZED]
2023-10-03 12:14:50,310 - Downloads/prova_down - [OPTION-1] - use 'merged_experiments-metadata.tsv' file present in the current session
2023-10-03 12:14:50,310 - Downloads/prova_down - Found prova_down_merged_experiments-metadata.tsv
2023-10-03 12:14:50,311 - Downloads/prova_down - Found enaDataGet
2023-10-03 12:14:56,732 - Downloads/prova_down - [DATA-TYPE-SELECTED]: fastq
2023-10-03 12:14:56,804 - Downloads/prova_down - Total file size = 4.37 GB. You are going to occupy 2% of free disk space
2023-10-03 12:14:56,807 - Downloads/prova_down - [WARNING]: you're gonna occupy 2 % of your free disk space
2023-10-03 12:14:58,088 - Downloads/prova_down - DOWNLOAD INITIALIZED
2023-10-03 12:16:48,795 - Downloads/prova_down - [MADAME INITIALIZED]
2023-10-03 12:16:48,796 - Downloads/prova_down - [PRE-EXISTING-USER-SESSION-CHOSEN]: MADAME/Downloads/prova_down
2023-10-03 12:16:53,113 - Downloads/prova_down - [MADAME INITIALIZED]
2023-10-03 12:16:53,113 - Downloads/prova_down - [PRE-EXISTING-USER-SESSION-CHOSEN]: MADAME/Downloads/prova_down
2023-10-03 12:16:54,004 - Downloads/prova_down - [DATA MODULE - INITIALIZED]
2023-10-03 12:16:54,276 - Downloads/prova_down - [OPTION-1] - use 'merged_experiments-metadata.tsv' file present in the current session
2023-10-03 12:16:54,276 - Downloads/prova_down - Found prova_down_merged_experiments-metadata.tsv
2023-10-03 12:16:54,277 - Downloads/prova_down - Found enaDataGet
2023-10-03 12:16:56,711 - Downloads/prova_down - [DATA-TYPE-SELECTED]: fastq
2023-10-03 12:16:56,790 - Downloads/prova_down - Total file size = 4.37 GB. You are going to occupy 2% of free disk space
2023-10-03 12:16:56,797 - Downloads/prova_down - [WARNING]: you're gonna occupy 2 % of your free disk space
2023-10-03 12:16:57,703 - Downloads/prova_down - DOWNLOAD INITIALIZED
2023-10-03 12:16:57,703 - Downloads/prova_down - /root/tools/enaBrowserTools-1.1.0/python3/enaDataGet -f fastq SRR16946900 -d Downloads/prova_down/PRJNA780434/PRJNA780434_fastq_files
2023-10-03 12:20:51,598 - Downloads/prova_down - [MADAME INITIALIZED]
2023-10-03 12:20:51,599 - Downloads/prova_down - [PRE-EXISTING-USER-SESSION-CHOSEN]: MADAME/Downloads/prova_down
2023-10-03 12:20:52,669 - Downloads/prova_down - [DATA MODULE - INITIALIZED]
2023-10-03 12:20:53,650 - Downloads/prova_down - [OPTION-1] - use 'merged_experiments-metadata.tsv' file present in the current session
2023-10-03 12:20:53,651 - Downloads/prova_down - Found prova_down_merged_experiments-metadata.tsv
2023-10-03 12:20:53,651 - Downloads/prova_down - Found enaDataGet
2023-10-03 12:20:55,815 - Downloads/prova_down - [DATA-TYPE-SELECTED]: fastq
2023-10-03 12:20:55,914 - Downloads/prova_down - Total file size = 4.37 GB. You are going to occupy 2% of free disk space
2023-10-03 12:20:55,920 - Downloads/prova_down - [WARNING]: you're gonna occupy 2 % of your free disk space
2023-10-03 12:20:56,699 - Downloads/prova_down - DOWNLOAD INITIALIZED
2023-10-03 12:21:00,375 - Downloads/prova_down - DOWNLOAD INITIALIZED
2023-10-03 12:23:30,327 - Downloads/prova_down - [MADAME INITIALIZED]
2023-10-03 12:23:30,328 - Downloads/prova_down - [PRE-EXISTING-USER-SESSION-CHOSEN]: MADAME/Downloads/prova_down
2023-10-03 12:23:31,384 - Downloads/prova_down - [DATA MODULE - INITIALIZED]
2023-10-03 12:23:32,213 - Downloads/prova_down - [OPTION-1] - use 'merged_experiments-metadata.tsv' file present in the current session
2023-10-03 12:23:32,213 - Downloads/prova_down - Found prova_down_merged_experiments-metadata.tsv
2023-10-03 12:23:32,214 - Downloads/prova_down - Found enaDataGet
2023-10-03 12:23:34,136 - Downloads/prova_down - [DATA-TYPE-SELECTED]: fastq
2023-10-03 12:23:34,216 - Downloads/prova_down - Total file size = 4.37 GB. You are going to occupy 2% of free disk space
2023-10-03 12:23:34,221 - Downloads/prova_down - [WARNING]: you're gonna occupy 2 % of your free disk space
2023-10-03 12:23:36,219 - Downloads/prova_down - DOWNLOAD INITIALIZED
2023-10-03 12:27:44,308 - Downloads/prova_down - [MADAME INITIALIZED]
2023-10-03 12:27:44,309 - Downloads/prova_down - [PRE-EXISTING-USER-SESSION-CHOSEN]: MADAME/Downloads/prova_down
2023-10-03 12:27:45,473 - Downloads/prova_down - [DATA MODULE - INITIALIZED]
2023-10-03 12:27:47,290 - Downloads/prova_down - [OPTION-1] - use 'merged_experiments-metadata.tsv' file present in the current session
2023-10-03 12:27:47,291 - Downloads/prova_down - Found prova_down_merged_experiments-metadata.tsv
2023-10-03 12:27:47,291 - Downloads/prova_down - Found enaDataGet
2023-10-03 12:27:49,986 - Downloads/prova_down - [DATA-TYPE-SELECTED]: fastq
2023-10-03 12:27:50,063 - Downloads/prova_down - Total file size = 4.37 GB. You are going to occupy 2% of free disk space
2023-10-03 12:27:50,068 - Downloads/prova_down - [WARNING]: you're gonna occupy 2 % of your free disk space
2023-10-03 12:30:23,823 - Downloads/prova_down - [MADAME INITIALIZED]
2023-10-03 12:30:23,824 - Downloads/prova_down - [PRE-EXISTING-USER-SESSION-CHOSEN]: MADAME/Downloads/prova_down
2023-10-03 12:30:26,627 - Downloads/prova_down - [DATA MODULE - INITIALIZED]
2023-10-03 12:30:27,335 - Downloads/prova_down - [OPTION-1] - use 'merged_experiments-metadata.tsv' file present in the current session
2023-10-03 12:30:27,336 - Downloads/prova_down - Found prova_down_merged_experiments-metadata.tsv
2023-10-03 12:30:27,337 - Downloads/prova_down - Found enaDataGet
2023-10-03 12:30:29,288 - Downloads/prova_down - [DATA-TYPE-SELECTED]: fastq
2023-10-03 12:30:29,386 - Downloads/prova_down - Total file size = 4.37 GB. You are going to occupy 2% of free disk space
2023-10-03 12:30:29,390 - Downloads/prova_down - [WARNING]: you're gonna occupy 2 % of your free disk space
2023-10-03 12:30:31,967 - Downloads/prova_down - DOWNLOAD INITIALIZED
2023-10-03 12:30:38,331 - Downloads/prova_down - DOWNLOAD INITIALIZED
2023-10-03 12:32:15,070 - Downloads/prova_down - [MADAME INITIALIZED]
2023-10-03 12:32:15,070 - Downloads/prova_down - [PRE-EXISTING-USER-SESSION-CHOSEN]: MADAME/Downloads/prova_down
2023-10-03 12:32:16,219 - Downloads/prova_down - [DATA MODULE - INITIALIZED]
2023-10-03 12:32:16,387 - Downloads/prova_down - [OPTION-1] - use 'merged_experiments-metadata.tsv' file present in the current session
2023-10-03 12:32:16,388 - Downloads/prova_down - Found prova_down_merged_experiments-metadata.tsv
2023-10-03 12:32:16,388 - Downloads/prova_down - Found enaDataGet
2023-10-03 12:32:18,671 - Downloads/prova_down - [DATA-TYPE-SELECTED]: fastq
2023-10-03 12:32:18,745 - Downloads/prova_down - Total file size = 4.37 GB. You are going to occupy 2% of free disk space
2023-10-03 12:32:18,748 - Downloads/prova_down - [WARNING]: you're gonna occupy 2 % of your free disk space
2023-10-03 12:32:20,635 - Downloads/prova_down - DOWNLOAD INITIALIZED
2023-10-03 12:40:37,905 - Downloads/prova_down - [MADAME INITIALIZED]
2023-10-03 12:40:37,906 - Downloads/prova_down - [PRE-EXISTING-USER-SESSION-CHOSEN]: MADAME/Downloads/prova_down
2023-10-03 12:40:39,927 - Downloads/prova_down - [DATA MODULE - INITIALIZED]
2023-10-03 12:40:40,219 - Downloads/prova_down - [OPTION-1] - use 'merged_experiments-metadata.tsv' file present in the current session
2023-10-03 12:40:40,219 - Downloads/prova_down - Found prova_down_merged_experiments-metadata.tsv
2023-10-03 12:40:40,220 - Downloads/prova_down - Found enaDataGet
2023-10-03 12:40:42,265 - Downloads/prova_down - [DATA-TYPE-SELECTED]: fastq
2023-10-03 12:40:42,339 - Downloads/prova_down - Total file size = 4.37 GB. You are going to occupy 2% of free disk space
2023-10-03 12:40:42,344 - Downloads/prova_down - [WARNING]: you're gonna occupy 2 % of your free disk space
2023-10-03 12:40:44,456 - Downloads/prova_down - DOWNLOAD INITIALIZED
2023-10-03 12:40:51,702 - Downloads/prova_down - DOWNLOAD INITIALIZED
2023-10-03 12:40:56,136 - Downloads/prova_down - [DATA-TYPE-SELECTED]: fastq
2023-10-03 12:40:56,200 - Downloads/prova_down - Total file size = 4.37 GB. You are going to occupy 2% of free disk space
2023-10-03 12:40:56,205 - Downloads/prova_down - [WARNING]: you're gonna occupy 2 % of your free disk space
2023-10-03 12:40:57,611 - Downloads/prova_down - DOWNLOAD INITIALIZED
2023-10-03 12:42:40,949 - Downloads/prova_down - [MADAME INITIALIZED]
2023-10-03 12:42:40,950 - Downloads/prova_down - [PRE-EXISTING-USER-SESSION-CHOSEN]: MADAME/Downloads/prova_down
2023-10-03 12:42:42,136 - Downloads/prova_down - [DATA MODULE - INITIALIZED]
2023-10-03 12:42:42,635 - Downloads/prova_down - [OPTION-1] - use 'merged_experiments-metadata.tsv' file present in the current session
2023-10-03 12:42:42,636 - Downloads/prova_down - Found prova_down_merged_experiments-metadata.tsv
2023-10-03 12:42:42,637 - Downloads/prova_down - Found enaDataGet
2023-10-03 12:42:45,432 - Downloads/prova_down - [DATA-TYPE-SELECTED]: fastq
2023-10-03 12:42:45,502 - Downloads/prova_down - Total file size = 4.37 GB. You are going to occupy 2% of free disk space
2023-10-03 12:42:45,505 - Downloads/prova_down - [WARNING]: you're gonna occupy 2 % of your free disk space
2023-10-03 12:42:48,941 - Downloads/prova_down - DOWNLOAD INITIALIZED
2023-10-03 12:46:02,256 - Downloads/prova_down - [MADAME INITIALIZED]
2023-10-03 12:46:02,257 - Downloads/prova_down - [PRE-EXISTING-USER-SESSION-CHOSEN]: MADAME/Downloads/prova_down
2023-10-03 12:46:03,255 - Downloads/prova_down - [DATA MODULE - INITIALIZED]
2023-10-03 12:46:03,452 - Downloads/prova_down - [OPTION-1] - use 'merged_experiments-metadata.tsv' file present in the current session
2023-10-03 12:46:03,453 - Downloads/prova_down - Found prova_down_merged_experiments-metadata.tsv
2023-10-03 12:46:03,453 - Downloads/prova_down - Found enaDataGet
2023-10-03 12:46:05,491 - Downloads/prova_down - [DATA-TYPE-SELECTED]: fastq
2023-10-03 12:46:05,583 - Downloads/prova_down - Total file size = 4.37 GB. You are going to occupy 2% of free disk space
2023-10-03 12:46:05,587 - Downloads/prova_down - [WARNING]: you're gonna occupy 2 % of your free disk space
2023-10-03 12:46:06,290 - Downloads/prova_down - DOWNLOAD INITIALIZED
2023-10-03 12:46:10,870 - Downloads/prova_down - DOWNLOAD INITIALIZED
2023-10-03 12:47:35,096 - Downloads/prova_down - [MADAME INITIALIZED]
2023-10-03 12:47:35,097 - Downloads/prova_down - [PRE-EXISTING-USER-SESSION-CHOSEN]: MADAME/Downloads/prova_down
2023-10-03 12:47:36,263 - Downloads/prova_down - [DATA MODULE - INITIALIZED]
2023-10-03 12:47:37,133 - Downloads/prova_down - [OPTION-1] - use 'merged_experiments-metadata.tsv' file present in the current session
2023-10-03 12:47:37,134 - Downloads/prova_down - Found prova_down_merged_experiments-metadata.tsv
2023-10-03 12:47:37,135 - Downloads/prova_down - Found enaDataGet
2023-10-03 12:47:39,262 - Downloads/prova_down - [DATA-TYPE-SELECTED]: fastq
2023-10-03 12:47:39,344 - Downloads/prova_down - Total file size = 4.37 GB. You are going to occupy 2% of free disk space
2023-10-03 12:47:39,348 - Downloads/prova_down - [WARNING]: you're gonna occupy 2 % of your free disk space
2023-10-03 12:47:40,836 - Downloads/prova_down - DOWNLOAD INITIALIZED
2023-10-03 12:48:13,616 - Downloads/prova_down - [MADAME INITIALIZED]
2023-10-03 12:48:13,617 - Downloads/prova_down - [PRE-EXISTING-USER-SESSION-CHOSEN]: MADAME/Downloads/prova_down
2023-10-03 12:48:14,552 - Downloads/prova_down - [DATA MODULE - INITIALIZED]
2023-10-03 12:48:14,751 - Downloads/prova_down - [OPTION-1] - use 'merged_experiments-metadata.tsv' file present in the current session
2023-10-03 12:48:14,752 - Downloads/prova_down - Found prova_down_merged_experiments-metadata.tsv
2023-10-03 12:48:14,752 - Downloads/prova_down - Found enaDataGet
2023-10-03 12:48:16,510 - Downloads/prova_down - [DATA-TYPE-SELECTED]: fastq
2023-10-03 12:48:16,586 - Downloads/prova_down - Total file size = 4.37 GB. You are going to occupy 2% of free disk space
2023-10-03 12:48:16,594 - Downloads/prova_down - [WARNING]: you're gonna occupy 2 % of your free disk space
2023-10-03 12:48:18,186 - Downloads/prova_down - DOWNLOAD INITIALIZED
2023-10-03 12:48:46,910 - Downloads/prova_down - [MADAME INITIALIZED]
2023-10-03 12:48:46,911 - Downloads/prova_down - [PRE-EXISTING-USER-SESSION-CHOSEN]: MADAME/Downloads/prova_down
2023-10-03 12:48:48,108 - Downloads/prova_down - [DATA MODULE - INITIALIZED]
2023-10-03 12:48:48,279 - Downloads/prova_down - [OPTION-1] - use 'merged_experiments-metadata.tsv' file present in the current session
2023-10-03 12:48:48,279 - Downloads/prova_down - Found prova_down_merged_experiments-metadata.tsv
2023-10-03 12:48:48,280 - Downloads/prova_down - Found enaDataGet
2023-10-03 12:48:50,266 - Downloads/prova_down - [DATA-TYPE-SELECTED]: fastq
2023-10-03 12:48:50,343 - Downloads/prova_down - Total file size = 4.37 GB. You are going to occupy 2% of free disk space
2023-10-03 12:48:50,347 - Downloads/prova_down - [WARNING]: you're gonna occupy 2 % of your free disk space
2023-10-03 12:48:51,860 - Downloads/prova_down - DOWNLOAD INITIALIZED
2023-10-03 12:49:12,213 - Downloads/prova_down - [MADAME INITIALIZED]
2023-10-03 12:49:12,215 - Downloads/prova_down - [PRE-EXISTING-USER-SESSION-CHOSEN]: MADAME/Downloads/prova_down
2023-10-03 12:49:13,199 - Downloads/prova_down - [DATA MODULE - INITIALIZED]
2023-10-03 12:49:13,383 - Downloads/prova_down - [OPTION-1] - use 'merged_experiments-metadata.tsv' file present in the current session
2023-10-03 12:49:13,383 - Downloads/prova_down - Found prova_down_merged_experiments-metadata.tsv
2023-10-03 12:49:13,384 - Downloads/prova_down - Found enaDataGet
2023-10-03 12:49:15,102 - Downloads/prova_down - [DATA-TYPE-SELECTED]: fastq
2023-10-03 12:49:15,180 - Downloads/prova_down - Total file size = 4.37 GB. You are going to occupy 2% of free disk space
2023-10-03 12:49:15,187 - Downloads/prova_down - [WARNING]: you're gonna occupy 2 % of your free disk space
2023-10-03 12:49:16,856 - Downloads/prova_down - DOWNLOAD INITIALIZED
2023-10-03 12:49:16,856 - Downloads/prova_down - /root/tools/enaBrowserTools-1.1.0/python3/enaDataGet -f fastq SRR16946900 -d Downloads/prova_down/PRJNA780434/PRJNA780434_fastq_files
2023-10-03 12:49:20,186 - Downloads/prova_down - /root/tools/enaBrowserTools-1.1.0/python3/enaDataGet -f fastq SRR16947000 -d Downloads/prova_down/PRJNA780434/PRJNA780434_fastq_files
2023-10-03 12:50:04,793 - Downloads/prova_down - [MADAME INITIALIZED]
2023-10-03 12:50:04,794 - Downloads/prova_down - [PRE-EXISTING-USER-SESSION-CHOSEN]: MADAME/Downloads/prova_down
2023-10-03 12:50:05,731 - Downloads/prova_down - [DATA MODULE - INITIALIZED]
2023-10-03 12:50:05,927 - Downloads/prova_down - [OPTION-1] - use 'merged_experiments-metadata.tsv' file present in the current session
2023-10-03 12:50:05,928 - Downloads/prova_down - Found prova_down_merged_experiments-metadata.tsv
2023-10-03 12:50:05,928 - Downloads/prova_down - Found enaDataGet
2023-10-03 12:50:08,215 - Downloads/prova_down - [DATA-TYPE-SELECTED]: fastq
2023-10-03 12:50:08,293 - Downloads/prova_down - Total file size = 4.37 GB. You are going to occupy 2% of free disk space
2023-10-03 12:50:08,299 - Downloads/prova_down - [WARNING]: you're gonna occupy 2 % of your free disk space
2023-10-03 12:50:09,721 - Downloads/prova_down - DOWNLOAD INITIALIZED
2023-10-03 12:50:09,723 - Downloads/prova_down - /root/tools/enaBrowserTools-1.1.0/python3/enaDataGet -f fastq SRR16946900 -d Downloads/prova_down/PRJNA780434/PRJNA780434_fastq_files
2023-10-03 12:50:10,260 - Downloads/prova_down - /root/tools/enaBrowserTools-1.1.0/python3/enaDataGet -f fastq SRR16947000 -d Downloads/prova_down/PRJNA780434/PRJNA780434_fastq_files
2023-10-03 12:50:11,717 - Downloads/prova_down - /root/tools/enaBrowserTools-1.1.0/python3/enaDataGet -f fastq SRR16946901 -d Downloads/prova_down/PRJNA780434/PRJNA780434_fastq_files
2023-10-03 12:50:14,152 - Downloads/prova_down - /root/tools/enaBrowserTools-1.1.0/python3/enaDataGet -f fastq SRR16947001 -d Downloads/prova_down/PRJNA780434/PRJNA780434_fastq_files
2023-10-03 12:50:16,143 - Downloads/prova_down - /root/tools/enaBrowserTools-1.1.0/python3/enaDataGet -f fastq SRR16946902 -d Downloads/prova_down/PRJNA780434/PRJNA780434_fastq_files
2023-10-03 12:51:42,162 - Downloads/prova_down - [MADAME INITIALIZED]
2023-10-03 12:51:42,162 - Downloads/prova_down - [PRE-EXISTING-USER-SESSION-CHOSEN]: MADAME/Downloads/prova_down
2023-10-03 12:51:43,063 - Downloads/prova_down - [DATA MODULE - INITIALIZED]
2023-10-03 12:51:43,246 - Downloads/prova_down - [OPTION-1] - use 'merged_experiments-metadata.tsv' file present in the current session
2023-10-03 12:51:43,247 - Downloads/prova_down - Found prova_down_merged_experiments-metadata.tsv
2023-10-03 12:51:43,247 - Downloads/prova_down - Found enaDataGet
2023-10-03 12:51:45,034 - Downloads/prova_down - [DATA-TYPE-SELECTED]: fastq
2023-10-03 12:51:45,107 - Downloads/prova_down - Total file size = 4.37 GB. You are going to occupy 2% of free disk space
2023-10-03 12:51:45,110 - Downloads/prova_down - [WARNING]: you're gonna occupy 2 % of your free disk space
2023-10-03 12:51:46,745 - Downloads/prova_down - DOWNLOAD INITIALIZED
2023-10-03 12:52:54,818 - Downloads/prova_down - [MADAME INITIALIZED]
2023-10-03 12:52:54,819 - Downloads/prova_down - [PRE-EXISTING-USER-SESSION-CHOSEN]: MADAME/Downloads/prova_down
2023-10-03 12:52:55,997 - Downloads/prova_down - [DATA MODULE - INITIALIZED]
2023-10-03 12:52:56,630 - Downloads/prova_down - [OPTION-1] - use 'merged_experiments-metadata.tsv' file present in the current session
2023-10-03 12:52:56,631 - Downloads/prova_down - Found prova_down_merged_experiments-metadata.tsv
2023-10-03 12:52:56,631 - Downloads/prova_down - Found enaDataGet
2023-10-03 12:52:58,538 - Downloads/prova_down - [DATA-TYPE-SELECTED]: fastq
2023-10-03 12:52:58,610 - Downloads/prova_down - Total file size = 4.37 GB. You are going to occupy 2% of free disk space
2023-10-03 12:52:58,614 - Downloads/prova_down - [WARNING]: you're gonna occupy 2 % of your free disk space
2023-10-03 12:53:00,083 - Downloads/prova_down - DOWNLOAD INITIALIZED
2023-10-03 12:53:00,085 - Downloads/prova_down - /root/tools/enaBrowserTools-1.1.0/python3/enaDataGet -f fastq SRR16946900 -d Downloads/prova_down/PRJNA780434/PRJNA780434_fastq_files
2023-10-03 12:53:02,308 - Downloads/prova_down - /root/tools/enaBrowserTools-1.1.0/python3/enaDataGet -f fastq SRR16947000 -d Downloads/prova_down/PRJNA780434/PRJNA780434_fastq_files
2023-10-03 12:53:04,204 - Downloads/prova_down - /root/tools/enaBrowserTools-1.1.0/python3/enaDataGet -f fastq SRR16946901 -d Downloads/prova_down/PRJNA780434/PRJNA780434_fastq_files
2023-10-03 12:54:48,008 - Downloads/prova_down - [MADAME INITIALIZED]
2023-10-03 12:54:48,009 - Downloads/prova_down - [PRE-EXISTING-USER-SESSION-CHOSEN]: MADAME/Downloads/prova_down
2023-10-03 12:54:49,158 - Downloads/prova_down - [DATA MODULE - INITIALIZED]
2023-10-03 12:54:49,986 - Downloads/prova_down - [OPTION-1] - use 'merged_experiments-metadata.tsv' file present in the current session
2023-10-03 12:54:49,986 - Downloads/prova_down - Found prova_down_merged_experiments-metadata.tsv
2023-10-03 12:54:49,987 - Downloads/prova_down - Found enaDataGet
2023-10-03 12:54:52,028 - Downloads/prova_down - [DATA-TYPE-SELECTED]: fastq
2023-10-03 12:54:52,118 - Downloads/prova_down - Total file size = 4.37 GB. You are going to occupy 2% of free disk space
2023-10-03 12:54:52,125 - Downloads/prova_down - [WARNING]: you're gonna occupy 2 % of your free disk space
2023-10-03 12:54:53,696 - Downloads/prova_down - DOWNLOAD INITIALIZED
2023-10-03 12:55:25,300 - Downloads/prova_down - [MADAME INITIALIZED]
2023-10-03 12:55:25,301 - Downloads/prova_down - [PRE-EXISTING-USER-SESSION-CHOSEN]: MADAME/Downloads/prova_down
2023-10-03 12:55:26,187 - Downloads/prova_down - [DATA MODULE - INITIALIZED]
2023-10-03 12:55:26,770 - Downloads/prova_down - [OPTION-1] - use 'merged_experiments-metadata.tsv' file present in the current session
2023-10-03 12:55:26,770 - Downloads/prova_down - Found prova_down_merged_experiments-metadata.tsv
2023-10-03 12:55:26,771 - Downloads/prova_down - Found enaDataGet
2023-10-03 12:55:29,016 - Downloads/prova_down - [DATA-TYPE-SELECTED]: fastq
2023-10-03 12:55:29,090 - Downloads/prova_down - Total file size = 4.37 GB. You are going to occupy 2% of free disk space
2023-10-03 12:55:29,094 - Downloads/prova_down - [WARNING]: you're gonna occupy 2 % of your free disk space
2023-10-03 12:55:30,455 - Downloads/prova_down - DOWNLOAD INITIALIZED
2023-10-03 12:59:49,006 - Downloads/prova_down - [MADAME INITIALIZED]
2023-10-03 12:59:49,007 - Downloads/prova_down - [PRE-EXISTING-USER-SESSION-CHOSEN]: MADAME/Downloads/prova_down
2023-10-03 12:59:50,057 - Downloads/prova_down - [DATA MODULE - INITIALIZED]
2023-10-03 12:59:50,595 - Downloads/prova_down - [OPTION-1] - use 'merged_experiments-metadata.tsv' file present in the current session
2023-10-03 12:59:50,595 - Downloads/prova_down - Found prova_down_merged_experiments-metadata.tsv
2023-10-03 12:59:50,596 - Downloads/prova_down - Found enaDataGet
2023-10-03 12:59:52,455 - Downloads/prova_down - [DATA-TYPE-SELECTED]: fastq
2023-10-03 12:59:52,538 - Downloads/prova_down - Total file size = 4.37 GB. You are going to occupy 2% of free disk space
2023-10-03 12:59:52,544 - Downloads/prova_down - [WARNING]: you're gonna occupy 2 % of your free disk space
2023-10-03 12:59:54,824 - Downloads/prova_down - DOWNLOAD INITIALIZED
2023-10-03 12:59:54,830 - Downloads/prova_down - /root/tools/enaBrowserTools-1.1.0/python3/enaDataGet -f fastq SRR16946900 -d Downloads/prova_down/PRJNA780434/PRJNA780434_fastq_files
2023-10-03 12:59:54,835 - Downloads/prova_down - /root/tools/enaBrowserTools-1.1.0/python3/enaDataGet -f fastq SRR16947000 -d Downloads/prova_down/PRJNA780434/PRJNA780434_fastq_files
2023-10-03 12:59:54,841 - Downloads/prova_down - /root/tools/enaBrowserTools-1.1.0/python3/enaDataGet -f fastq SRR16946901 -d Downloads/prova_down/PRJNA780434/PRJNA780434_fastq_files
2023-10-03 12:59:54,845 - Downloads/prova_down - /root/tools/enaBrowserTools-1.1.0/python3/enaDataGet -f fastq SRR16947001 -d Downloads/prova_down/PRJNA780434/PRJNA780434_fastq_files
2023-10-03 12:59:54,852 - Downloads/prova_down - /root/tools/enaBrowserTools-1.1.0/python3/enaDataGet -f fastq SRR16946902 -d Downloads/prova_down/PRJNA780434/PRJNA780434_fastq_files
2023-10-03 12:59:54,860 - Downloads/prova_down - /root/tools/enaBrowserTools-1.1.0/python3/enaDataGet -f fastq SRR16947002 -d Downloads/prova_down/PRJNA780434/PRJNA780434_fastq_files
2023-10-03 12:59:54,865 - Downloads/prova_down - /root/tools/enaBrowserTools-1.1.0/python3/enaDataGet -f fastq SRR16946903 -d Downloads/prova_down/PRJNA780434/PRJNA780434_fastq_files
2023-10-03 12:59:54,873 - Downloads/prova_down - /root/tools/enaBrowserTools-1.1.0/python3/enaDataGet -f fastq SRR16947003 -d Downloads/prova_down/PRJNA780434/PRJNA780434_fastq_files
2023-10-03 12:59:54,878 - Downloads/prova_down - /root/tools/enaBrowserTools-1.1.0/python3/enaDataGet -f fastq SRR16946904 -d Downloads/prova_down/PRJNA780434/PRJNA780434_fastq_files
2023-10-03 12:59:54,881 - Downloads/prova_down - /root/tools/enaBrowserTools-1.1.0/python3/enaDataGet -f fastq SRR16947004 -d Downloads/prova_down/PRJNA780434/PRJNA780434_fastq_files
2023-10-03 12:59:54,932 - Downloads/prova_down - /root/tools/enaBrowserTools-1.1.0/python3/enaDataGet -f fastq SRR16946905 -d Downloads/prova_down/PRJNA780434/PRJNA780434_fastq_files
2023-10-03 12:59:55,003 - Downloads/prova_down - /root/tools/enaBrowserTools-1.1.0/python3/enaDataGet -f fastq SRR16947005 -d Downloads/prova_down/PRJNA780434/PRJNA780434_fastq_files
2023-10-03 12:59:58,529 - Downloads/prova_down - /root/tools/enaBrowserTools-1.1.0/python3/enaDataGet -f fastq SRR16946906 -d Downloads/prova_down/PRJNA780434/PRJNA780434_fastq_files
2023-10-03 13:00:00,717 - Downloads/prova_down - /root/tools/enaBrowserTools-1.1.0/python3/enaDataGet -f fastq SRR16947006 -d Downloads/prova_down/PRJNA780434/PRJNA780434_fastq_files
2023-10-03 13:00:01,868 - Downloads/prova_down - /root/tools/enaBrowserTools-1.1.0/python3/enaDataGet -f fastq SRR16946907 -d Downloads/prova_down/PRJNA780434/PRJNA780434_fastq_files
2023-10-03 13:00:01,933 - Downloads/prova_down - /root/tools/enaBrowserTools-1.1.0/python3/enaDataGet -f fastq SRR16947007 -d Downloads/prova_down/PRJNA780434/PRJNA780434_fastq_files
2023-10-03 13:00:02,370 - Downloads/prova_down - /root/tools/enaBrowserTools-1.1.0/python3/enaDataGet -f fastq SRR16946908 -d Downloads/prova_down/PRJNA780434/PRJNA780434_fastq_files
2023-10-03 13:00:02,510 - Downloads/prova_down - /root/tools/enaBrowserTools-1.1.0/python3/enaDataGet -f fastq SRR16947008 -d Downloads/prova_down/PRJNA780434/PRJNA780434_fastq_files
2023-10-03 13:00:02,768 - Downloads/prova_down - /root/tools/enaBrowserTools-1.1.0/python3/enaDataGet -f fastq SRR16946909 -d Downloads/prova_down/PRJNA780434/PRJNA780434_fastq_files
2023-10-03 13:00:03,345 - Downloads/prova_down - /root/tools/enaBrowserTools-1.1.0/python3/enaDataGet -f fastq SRR16947009 -d Downloads/prova_down/PRJNA780434/PRJNA780434_fastq_files
2023-10-03 13:00:04,126 - Downloads/prova_down - /root/tools/enaBrowserTools-1.1.0/python3/enaDataGet -f fastq SRR16946910 -d Downloads/prova_down/PRJNA780434/PRJNA780434_fastq_files
2023-10-03 13:00:04,159 - Downloads/prova_down - /root/tools/enaBrowserTools-1.1.0/python3/enaDataGet -f fastq SRR16947010 -d Downloads/prova_down/PRJNA780434/PRJNA780434_fastq_files
2023-10-03 13:00:04,171 - Downloads/prova_down - /root/tools/enaBrowserTools-1.1.0/python3/enaDataGet -f fastq SRR16946911 -d Downloads/prova_down/PRJNA780434/PRJNA780434_fastq_files
2023-10-03 13:00:04,203 - Downloads/prova_down - /root/tools/enaBrowserTools-1.1.0/python3/enaDataGet -f fastq SRR16947011 -d Downloads/prova_down/PRJNA780434/PRJNA780434_fastq_files
2023-10-03 13:00:04,206 - Downloads/prova_down - /root/tools/enaBrowserTools-1.1.0/python3/enaDataGet -f fastq SRR16946912 -d Downloads/prova_down/PRJNA780434/PRJNA780434_fastq_files
2023-10-03 13:00:04,220 - Downloads/prova_down - /root/tools/enaBrowserTools-1.1.0/python3/enaDataGet -f fastq SRR16947012 -d Downloads/prova_down/PRJNA780434/PRJNA780434_fastq_files
2023-10-03 13:00:04,225 - Downloads/prova_down - /root/tools/enaBrowserTools-1.1.0/python3/enaDataGet -f fastq SRR16946913 -d Downloads/prova_down/PRJNA780434/PRJNA780434_fastq_files
2023-10-03 13:00:04,233 - Downloads/prova_down - /root/tools/enaBrowserTools-1.1.0/python3/enaDataGet -f fastq SRR16947013 -d Downloads/prova_down/PRJNA780434/PRJNA780434_fastq_files
2023-10-03 13:00:04,236 - Downloads/prova_down - /root/tools/enaBrowserTools-1.1.0/python3/enaDataGet -f fastq SRR16946914 -d Downloads/prova_down/PRJNA780434/PRJNA780434_fastq_files
2023-10-03 13:00:04,256 - Downloads/prova_down - /root/tools/enaBrowserTools-1.1.0/python3/enaDataGet -f fastq SRR16947014 -d Downloads/prova_down/PRJNA780434/PRJNA780434_fastq_files
2023-10-03 13:00:04,263 - Downloads/prova_down - /root/tools/enaBrowserTools-1.1.0/python3/enaDataGet -f fastq SRR16946915 -d Downloads/prova_down/PRJNA780434/PRJNA780434_fastq_files
2023-10-03 13:00:04,263 - Downloads/prova_down - /root/tools/enaBrowserTools-1.1.0/python3/enaDataGet -f fastq SRR16947015 -d Downloads/prova_down/PRJNA780434/PRJNA780434_fastq_files
2023-10-03 13:00:07,015 - Downloads/prova_down - /root/tools/enaBrowserTools-1.1.0/python3/enaDataGet -f fastq SRR16946916 -d Downloads/prova_down/PRJNA780434/PRJNA780434_fastq_files
